<?xml version="1.0" encoding="UTF-8"?>
<!-- Generated by org.testng.reporters.JUnitXMLReporter -->
<testsuite ignored="0" hostname="DESKTOP-7EUDCAL" failures="0" tests="3" name="Surefire test" time="15.997" errors="0" timestamp="2023-04-08T12:02:05 GMT-04:00">
  <testcase classname="testcases.AddtocartTest" name="addtocartest" time="0.669"/>
  <testcase classname="testcases.LoginTest" name="validLoginTest" time="0.632"/>
  <testcase classname="testcases.LoginTest" name="InvalidLoginTest" time="0.539"/>
</testsuite> <!-- Surefire test -->
