<?xml version="1.0" encoding="UTF-8"?>
<!-- Generated by org.testng.reporters.JUnitXMLReporter -->
<testsuite ignored="0" hostname="DESKTOP-7EUDCAL" failures="0" tests="3" name="SauceTest" time="8.992" errors="0" timestamp="2023-04-02T11:50:53 GMT-04:00">
  <testcase classname="testngTescases.LoginTest" name="login" time="3.649"/>
  <testcase classname="testngTescases.AddToCartTest" name="addtocart" time="2.546"/>
  <testcase classname="testngTescases.LogOutTest" name="logout" time="2.733"/>
</testsuite> <!-- SauceTest -->
