<?xml version="1.0" encoding="UTF-8"?>
<!-- Generated by org.testng.reporters.JUnitXMLReporter -->
<testsuite ignored="0" hostname="DESKTOP-7EUDCAL" failures="0" tests="4" name="Default test" time="0.081" errors="0" timestamp="2023-04-02T11:56:13 GMT-04:00">
  <testcase classname="BASICS.Priority_Ex" name="t1" time="0.012"/>
  <testcase classname="BASICS.Priority_Ex" name="method1" time="0.001"/>
  <testcase classname="BASICS.Priority_Ex" name="blackout" time="0.001"/>
  <testcase classname="BASICS.Priority_Ex" name="access" time="0.001"/>
</testsuite> <!-- Default test -->
