<?xml version="1.0" encoding="UTF-8"?>
<testng-results ignored="0" total="2" passed="2" failed="0" skipped="0">
  <reporter-output>
  </reporter-output>
  <suite started-at="2023-04-08T11:48:39 GMT-04:00" name="Default suite" finished-at="2023-04-08T11:48:51 GMT-04:00" duration-ms="12766">
    <groups>
    </groups>
    <test started-at="2023-04-08T11:48:39 GMT-04:00" name="Default test" finished-at="2023-04-08T11:48:51 GMT-04:00" duration-ms="12766">
      <class name="testcases.LoginTest">
        <test-method is-config="true" signature="intialization()[pri:0, instance:testcases.LoginTest@4b8ee4de]" started-at="2023-04-08T11:48:39 GMT-04:00" name="intialization" finished-at="2023-04-08T11:48:45 GMT-04:00" duration-ms="6696" status="PASS">
          <reporter-output>
          </reporter-output>
        </test-method> <!-- intialization -->
        <test-method signature="validLoginTest()[pri:1, instance:testcases.LoginTest@4b8ee4de]" started-at="2023-04-08T11:48:45 GMT-04:00" name="validLoginTest" finished-at="2023-04-08T11:48:47 GMT-04:00" duration-ms="1293" status="PASS">
          <reporter-output>
          </reporter-output>
        </test-method> <!-- validLoginTest -->
        <test-method is-config="true" signature="teardown()[pri:0, instance:testcases.LoginTest@4b8ee4de]" started-at="2023-04-08T11:48:47 GMT-04:00" name="teardown" finished-at="2023-04-08T11:48:47 GMT-04:00" duration-ms="519" status="PASS">
          <reporter-output>
          </reporter-output>
        </test-method> <!-- teardown -->
        <test-method is-config="true" signature="intialization()[pri:0, instance:testcases.LoginTest@4b8ee4de]" started-at="2023-04-08T11:48:47 GMT-04:00" name="intialization" finished-at="2023-04-08T11:48:50 GMT-04:00" duration-ms="2964" status="PASS">
          <reporter-output>
          </reporter-output>
        </test-method> <!-- intialization -->
        <test-method signature="InvalidLoginTest()[pri:2, instance:testcases.LoginTest@4b8ee4de]" started-at="2023-04-08T11:48:50 GMT-04:00" name="InvalidLoginTest" finished-at="2023-04-08T11:48:51 GMT-04:00" duration-ms="750" status="PASS">
          <reporter-output>
          </reporter-output>
        </test-method> <!-- InvalidLoginTest -->
        <test-method is-config="true" signature="teardown()[pri:0, instance:testcases.LoginTest@4b8ee4de]" started-at="2023-04-08T11:48:51 GMT-04:00" name="teardown" finished-at="2023-04-08T11:48:51 GMT-04:00" duration-ms="409" status="PASS">
          <reporter-output>
          </reporter-output>
        </test-method> <!-- teardown -->
      </class> <!-- testcases.LoginTest -->
    </test> <!-- Default test -->
  </suite> <!-- Default suite -->
</testng-results>
