<?xml version="1.0" encoding="UTF-8"?>
<testng-results ignored="0" total="4" passed="4" failed="0" skipped="0">
  <reporter-output>
  </reporter-output>
  <suite started-at="2023-04-02T11:56:12 GMT-04:00" name="Default suite" finished-at="2023-04-02T11:56:13 GMT-04:00" duration-ms="81">
    <groups>
    </groups>
    <test started-at="2023-04-02T11:56:12 GMT-04:00" name="Default test" finished-at="2023-04-02T11:56:13 GMT-04:00" duration-ms="81">
      <class name="BASICS.Priority_Ex">
        <test-method signature="t1()[pri:1, instance:BASICS.Priority_Ex@776b83cc]" started-at="2023-04-02T11:56:13 GMT-04:00" name="t1" finished-at="2023-04-02T11:56:13 GMT-04:00" duration-ms="12" status="PASS">
          <reporter-output>
          </reporter-output>
        </test-method> <!-- t1 -->
        <test-method signature="method1()[pri:2, instance:BASICS.Priority_Ex@776b83cc]" started-at="2023-04-02T11:56:13 GMT-04:00" name="method1" finished-at="2023-04-02T11:56:13 GMT-04:00" duration-ms="1" status="PASS">
          <reporter-output>
          </reporter-output>
        </test-method> <!-- method1 -->
        <test-method signature="blackout()[pri:3, instance:BASICS.Priority_Ex@776b83cc]" started-at="2023-04-02T11:56:13 GMT-04:00" name="blackout" finished-at="2023-04-02T11:56:13 GMT-04:00" duration-ms="1" status="PASS">
          <reporter-output>
          </reporter-output>
        </test-method> <!-- blackout -->
        <test-method signature="access()[pri:4, instance:BASICS.Priority_Ex@776b83cc]" started-at="2023-04-02T11:56:13 GMT-04:00" name="access" finished-at="2023-04-02T11:56:13 GMT-04:00" duration-ms="1" status="PASS">
          <reporter-output>
          </reporter-output>
        </test-method> <!-- access -->
      </class> <!-- BASICS.Priority_Ex -->
    </test> <!-- Default test -->
  </suite> <!-- Default suite -->
</testng-results>
